<?xml version="1.0" encoding="UTF-8"?>
<!-- Generated by org.testng.reporters.JUnitReportReporter -->
<testsuite skipped="0" hostname="ALIYY-112533n" name="cn.alibabapictures.cloudgoods.CategoryTesting" tests="3" failures="0" timestamp="21 Nov 2016 07:56:30 GMT" time="17.757" errors="0">
  <testcase name="categoryModifyTest" time="6.657" classname="cn.alibabapictures.cloudgoods.CategoryTesting"/>
  <testcase name="categoryAddingTest" time="7.634" classname="cn.alibabapictures.cloudgoods.CategoryTesting"/>
  <testcase name="categoryOplogTest" time="3.466" classname="cn.alibabapictures.cloudgoods.CategoryTesting"/>
</testsuite> <!-- cn.alibabapictures.cloudgoods.CategoryTesting -->
