<?xml version="1.0" encoding="UTF-8"?>
<!-- Generated by org.testng.reporters.JUnitReportReporter -->
<testsuite skipped="0" hostname="Andy" name="cn.alibabapictures.cloudgoods.MaterialTest" tests="4" failures="0" timestamp="23 Nov 2016 02:21:27 GMT" time="27.121" errors="0">
  <testcase name="materialAddingTest" time="10.672" classname="cn.alibabapictures.cloudgoods.MaterialTest"/>
  <testcase name="materialOplogTest" time="3.941" classname="cn.alibabapictures.cloudgoods.MaterialTest"/>
  <testcase name="materialModifyTest" time="6.344" classname="cn.alibabapictures.cloudgoods.MaterialTest"/>
  <testcase name="materialCopyTest" time="6.164" classname="cn.alibabapictures.cloudgoods.MaterialTest"/>
</testsuite> <!-- cn.alibabapictures.cloudgoods.MaterialTest -->
