<?xml version="1.0" encoding="UTF-8"?>
<!-- Generated by org.testng.reporters.JUnitReportReporter -->
<testsuite skipped="0" hostname="ALIYY-112533n" name="cn.alibabapictures.cloudgoods.CategoryAdding" tests="1" failures="0" timestamp="16 Nov 2016 11:34:18 GMT" time="5.891" errors="0">
  <testcase name="testCategoryAdding" time="5.891" classname="cn.alibabapictures.cloudgoods.CategoryAdding"/>
</testsuite> <!-- cn.alibabapictures.cloudgoods.CategoryAdding -->
